# JRE version: Java(TM) SE Runtime Environment (8.0_65-b17) (build 1.8.0_65-b17)
# Java VM: Java HotSpot(TM) Client VM (25.65-b01 mixed mode windows-x86 )
Heap:
 def new generation   total 4928K, used 3786K [0x04000000, 0x04550000, 0x09550000)
  eden space 4416K,  81% used [0x04000000, 0x04388900, 0x04450000)
  from space 512K,  32% used [0x04450000, 0x0447a0d8, 0x044d0000)
  to   space 512K,   0% used [0x044d0000, 0x044d0000, 0x04550000)
 tenured generation   total 10944K, used 4781K [0x09550000, 0x0a000000, 0x14000000)
   the space 10944K,  43% used [0x09550000, 0x099fb4f8, 0x099fb600, 0x0a000000)
 Metaspace       used 5617K, capacity 5800K, committed 5888K, reserved 6528K
GC Heap History (4 events):
Event: 0.776 GC heap before
{Heap before GC invocations=0 (full 0):
 def new generation   total 4928K, used 3301K [0x04000000, 0x04550000, 0x09550000)
  eden space 4416K,  74% used [0x04000000, 0x043394e0, 0x04450000)
  from space 512K,   0% used [0x04450000, 0x04450000, 0x044d0000)
  to   space 512K,   0% used [0x044d0000, 0x044d0000, 0x04550000)
 tenured generation   total 10944K, used 0K [0x09550000, 0x0a000000, 0x14000000)
   the space 10944K,   0% used [0x09550000, 0x09550000, 0x09550200, 0x0a000000)
 Metaspace       used 4851K, capacity 5030K, committed 5120K, reserved 5504K
Event: 0.784 GC heap after
Heap after GC invocations=1 (full 0):
 def new generation   total 4928K, used 512K [0x04000000, 0x04550000, 0x09550000)
  eden space 4416K,   0% used [0x04000000, 0x04000000, 0x04450000)
  from space 512K, 100% used [0x044d0000, 0x04550000, 0x04550000)
  to   space 512K,   0% used [0x04450000, 0x04450000, 0x044d0000)
 tenured generation   total 10944K, used 520K [0x09550000, 0x0a000000, 0x14000000)
   the space 10944K,   4% used [0x09550000, 0x095d2038, 0x095d2200, 0x0a000000)
 Metaspace       used 4851K, capacity 5030K, committed 5120K, reserved 5504K
}
Event: 0.999 GC heap before
{Heap before GC invocations=1 (full 0):
 def new generation   total 4928K, used 4928K [0x04000000, 0x04550000, 0x09550000)
  eden space 4416K, 100% used [0x04000000, 0x04450000, 0x04450000)
  from space 512K, 100% used [0x044d0000, 0x04550000, 0x04550000)
  to   space 512K,   0% used [0x04450000, 0x04450000, 0x044d0000)
 tenured generation   total 10944K, used 520K [0x09550000, 0x0a000000, 0x14000000)
   the space 10944K,   4% used [0x09550000, 0x095d2038, 0x095d2200, 0x0a000000)
 Metaspace       used 5608K, capacity 5800K, committed 5888K, reserved 6528K
Event: 1.013 GC heap after
Heap after GC invocations=2 (full 0):
 def new generation   total 4928K, used 168K [0x04000000, 0x04550000, 0x09550000)
  eden space 4416K,   0% used [0x04000000, 0x04000000, 0x04450000)
  from space 512K,  32% used [0x04450000, 0x0447a0d8, 0x044d0000)
  to   space 512K,   0% used [0x044d0000, 0x044d0000, 0x04550000)
 tenured generation   total 10944K, used 4781K [0x09550000, 0x0a000000, 0x14000000)
   the space 10944K,  43% used [0x09550000, 0x099fb4f8, 0x099fb600, 0x0a000000)
 Metaspace       used 5608K, capacity 5800K, committed 5888K, reserved 6528K
}

